{"C:\\Repos\\GoEngineerExercise\\StarshipClient\\src\\api\\aiSearchService.ts": {"path":"C:\\Repos\\GoEngineerExercise\\StarshipClient\\src\\api\\aiSearchService.ts","statementMap":{"0":{"start":{"line":5,"column":21},"end":{"line":5,"column":null}},"1":{"start":{"line":6,"column":4},"end":{"line":6,"column":null}}},"fnMap":{"0":{"name":"searchStarshipsWithAI","decl":{"start":{"line":4,"column":22},"end":{"line":4,"column":44}},"loc":{"start":{"line":4,"column":81},"end":{"line":7,"column":null}},"line":4}},"branchMap":{},"s":{"0":0,"1":0},"f":{"0":0},"b":{},"meta":{"lastBranch":0,"lastFunction":1,"lastStatement":2,"seen":{"f:4:22:4:44":0,"s:5:21:5:Infinity":0,"s:6:4:6:Infinity":1}}}
,"C:\\Repos\\GoEngineerExercise\\StarshipClient\\src\\api\\apiClient.ts": {"path":"C:\\Repos\\GoEngineerExercise\\StarshipClient\\src\\api\\apiClient.ts","statementMap":{"0":{"start":{"line":3,"column":25},"end":{"line":9,"column":null}}},"fnMap":{},"branchMap":{},"s":{"0":4},"f":{},"b":{},"meta":{"lastBranch":0,"lastFunction":0,"lastStatement":1,"seen":{"s:3:25:9:Infinity":0}}}
,"C:\\Repos\\GoEngineerExercise\\StarshipClient\\src\\api\\starshipService.ts": {"path":"C:\\Repos\\GoEngineerExercise\\StarshipClient\\src\\api\\starshipService.ts","statementMap":{"0":{"start":{"line":5,"column":19},"end":{"line":5,"column":null}},"1":{"start":{"line":6,"column":2},"end":{"line":6,"column":null}},"2":{"start":{"line":10,"column":19},"end":{"line":10,"column":null}},"3":{"start":{"line":11,"column":2},"end":{"line":11,"column":null}},"4":{"start":{"line":15,"column":19},"end":{"line":15,"column":null}},"5":{"start":{"line":16,"column":2},"end":{"line":16,"column":null}},"6":{"start":{"line":20,"column":19},"end":{"line":20,"column":null}},"7":{"start":{"line":21,"column":2},"end":{"line":21,"column":null}}},"fnMap":{"0":{"name":"fetchStarships","decl":{"start":{"line":4,"column":22},"end":{"line":4,"column":39}},"loc":{"start":{"line":4,"column":39},"end":{"line":7,"column":null}},"line":4},"1":{"name":"addStarship","decl":{"start":{"line":9,"column":22},"end":{"line":9,"column":34}},"loc":{"start":{"line":9,"column":53},"end":{"line":12,"column":null}},"line":9},"2":{"name":"editStarship","decl":{"start":{"line":14,"column":22},"end":{"line":14,"column":35}},"loc":{"start":{"line":14,"column":54},"end":{"line":17,"column":null}},"line":14},"3":{"name":"deleteStarship","decl":{"start":{"line":19,"column":22},"end":{"line":19,"column":37}},"loc":{"start":{"line":19,"column":48},"end":{"line":22,"column":null}},"line":19}},"branchMap":{},"s":{"0":2,"1":1,"2":2,"3":1,"4":2,"5":1,"6":2,"7":1},"f":{"0":2,"1":2,"2":2,"3":2},"b":{},"meta":{"lastBranch":0,"lastFunction":4,"lastStatement":8,"seen":{"f:4:22:4:39":0,"s:5:19:5:Infinity":0,"s:6:2:6:Infinity":1,"f:9:22:9:34":1,"s:10:19:10:Infinity":2,"s:11:2:11:Infinity":3,"f:14:22:14:35":2,"s:15:19:15:Infinity":4,"s:16:2:16:Infinity":5,"f:19:22:19:37":3,"s:20:19:20:Infinity":6,"s:21:2:21:Infinity":7}}}
,"C:\\Repos\\GoEngineerExercise\\StarshipClient\\src\\components\\AuthProvider.tsx": {"path":"C:\\Repos\\GoEngineerExercise\\StarshipClient\\src\\components\\AuthProvider.tsx","statementMap":{"0":{"start":{"line":18,"column":6},"end":{"line":18,"column":null}},"1":{"start":{"line":23,"column":22},"end":{"line":23,"column":null}},"2":{"start":{"line":24,"column":32},"end":{"line":24,"column":null}},"3":{"start":{"line":26,"column":2},"end":{"line":39,"column":null}},"4":{"start":{"line":27,"column":28},"end":{"line":36,"column":null}},"5":{"start":{"line":28,"column":6},"end":{"line":35,"column":null}},"6":{"start":{"line":29,"column":25},"end":{"line":29,"column":null}},"7":{"start":{"line":30,"column":8},"end":{"line":30,"column":null}},"8":{"start":{"line":32,"column":8},"end":{"line":32,"column":null}},"9":{"start":{"line":34,"column":8},"end":{"line":34,"column":null}},"10":{"start":{"line":38,"column":4},"end":{"line":38,"column":null}},"11":{"start":{"line":41,"column":16},"end":{"line":44,"column":null}},"12":{"start":{"line":42,"column":21},"end":{"line":42,"column":null}},"13":{"start":{"line":43,"column":4},"end":{"line":43,"column":null}},"14":{"start":{"line":46,"column":19},"end":{"line":49,"column":null}},"15":{"start":{"line":47,"column":21},"end":{"line":47,"column":null}},"16":{"start":{"line":48,"column":4},"end":{"line":48,"column":null}},"17":{"start":{"line":51,"column":17},"end":{"line":60,"column":null}},"18":{"start":{"line":52,"column":4},"end":{"line":59,"column":null}},"19":{"start":{"line":53,"column":6},"end":{"line":53,"column":null}},"20":{"start":{"line":55,"column":6},"end":{"line":55,"column":null}},"21":{"start":{"line":56,"column":6},"end":{"line":56,"column":null}},"22":{"start":{"line":58,"column":6},"end":{"line":58,"column":null}},"23":{"start":{"line":62,"column":2},"end":{"line":65,"column":null}},"24":{"start":{"line":70,"column":8},"end":{"line":70,"column":null}},"25":{"start":{"line":71,"column":2},"end":{"line":73,"column":null}},"26":{"start":{"line":72,"column":4},"end":{"line":72,"column":null}},"27":{"start":{"line":74,"column":2},"end":{"line":74,"column":null}}},"fnMap":{"0":{"name":"AuthProvider","decl":{"start":{"line":22,"column":16},"end":{"line":22,"column":29}},"loc":{"start":{"line":22,"column":68},"end":{"line":67,"column":null}},"line":22},"1":{"name":"(anonymous_1)","decl":{"start":{"line":26,"column":12},"end":{"line":26,"column":18}},"loc":{"start":{"line":26,"column":18},"end":{"line":39,"column":5}},"line":26},"2":{"name":"(anonymous_2)","decl":{"start":{"line":27,"column":28},"end":{"line":27,"column":40}},"loc":{"start":{"line":27,"column":40},"end":{"line":36,"column":null}},"line":27},"3":{"name":"(anonymous_3)","decl":{"start":{"line":41,"column":16},"end":{"line":41,"column":23}},"loc":{"start":{"line":41,"column":59},"end":{"line":44,"column":null}},"line":41},"4":{"name":"(anonymous_4)","decl":{"start":{"line":46,"column":19},"end":{"line":46,"column":26}},"loc":{"start":{"line":46,"column":80},"end":{"line":49,"column":null}},"line":46},"5":{"name":"(anonymous_5)","decl":{"start":{"line":51,"column":17},"end":{"line":51,"column":29}},"loc":{"start":{"line":51,"column":29},"end":{"line":60,"column":null}},"line":51},"6":{"name":"useAuth","decl":{"start":{"line":69,"column":16},"end":{"line":69,"column":26}},"loc":{"start":{"line":69,"column":26},"end":{"line":75,"column":null}},"line":69}},"branchMap":{"0":{"loc":{"start":{"line":71,"column":2},"end":{"line":73,"column":null}},"type":"if","locations":[{"start":{"line":71,"column":2},"end":{"line":73,"column":null}},{"start":{},"end":{}}],"line":71}},"s":{"0":3,"1":9,"2":9,"3":9,"4":4,"5":4,"6":4,"7":0,"8":4,"9":4,"10":4,"11":9,"12":2,"13":2,"14":9,"15":1,"16":1,"17":9,"18":1,"19":1,"20":0,"21":0,"22":1,"23":9,"24":97,"25":97,"26":2,"27":95},"f":{"0":9,"1":4,"2":4,"3":2,"4":1,"5":1,"6":97},"b":{"0":[2,95]},"meta":{"lastBranch":1,"lastFunction":7,"lastStatement":28,"seen":{"s:18:6:18:Infinity":0,"f:22:16:22:29":0,"s:23:22:23:Infinity":1,"s:24:32:24:Infinity":2,"s:26:2:39:Infinity":3,"f:26:12:26:18":1,"s:27:28:36:Infinity":4,"f:27:28:27:40":2,"s:28:6:35:Infinity":5,"s:29:25:29:Infinity":6,"s:30:8:30:Infinity":7,"s:32:8:32:Infinity":8,"s:34:8:34:Infinity":9,"s:38:4:38:Infinity":10,"s:41:16:44:Infinity":11,"f:41:16:41:23":3,"s:42:21:42:Infinity":12,"s:43:4:43:Infinity":13,"s:46:19:49:Infinity":14,"f:46:19:46:26":4,"s:47:21:47:Infinity":15,"s:48:4:48:Infinity":16,"s:51:17:60:Infinity":17,"f:51:17:51:29":5,"s:52:4:59:Infinity":18,"s:53:6:53:Infinity":19,"s:55:6:55:Infinity":20,"s:56:6:56:Infinity":21,"s:58:6:58:Infinity":22,"s:62:2:65:Infinity":23,"f:69:16:69:26":6,"s:70:8:70:Infinity":24,"b:71:2:73:Infinity:undefined:undefined:undefined:undefined":0,"s:71:2:73:Infinity":25,"s:72:4:72:Infinity":26,"s:74:2:74:Infinity":27}}}
,"C:\\Repos\\GoEngineerExercise\\StarshipClient\\src\\components\\ConfirmDialog.tsx": {"path":"C:\\Repos\\GoEngineerExercise\\StarshipClient\\src\\components\\ConfirmDialog.tsx","statementMap":{"0":{"start":{"line":25,"column":24},"end":{"line":29,"column":null}},"1":{"start":{"line":31,"column":2},"end":{"line":61,"column":null}}},"fnMap":{"0":{"name":"ConfirmDialog","decl":{"start":{"line":14,"column":24},"end":{"line":14,"column":38}},"loc":{"start":{"line":23,"column":23},"end":{"line":63,"column":null}},"line":23}},"branchMap":{"0":{"loc":{"start":{"line":18,"column":2},"end":{"line":18,"column":null}},"type":"default-arg","locations":[{"start":{"line":18,"column":16},"end":{"line":18,"column":null}}],"line":18},"1":{"loc":{"start":{"line":19,"column":2},"end":{"line":19,"column":null}},"type":"default-arg","locations":[{"start":{"line":19,"column":15},"end":{"line":19,"column":null}}],"line":19},"2":{"loc":{"start":{"line":22,"column":2},"end":{"line":22,"column":null}},"type":"default-arg","locations":[{"start":{"line":22,"column":12},"end":{"line":22,"column":null}}],"line":22}},"s":{"0":84,"1":84},"f":{"0":84},"b":{"0":[84],"1":[84],"2":[84]},"meta":{"lastBranch":3,"lastFunction":1,"lastStatement":2,"seen":{"f:14:24:14:38":0,"b:18:16:18:Infinity":0,"b:19:15:19:Infinity":1,"b:22:12:22:Infinity":2,"s:25:24:29:Infinity":0,"s:31:2:61:Infinity":1}}}
,"C:\\Repos\\GoEngineerExercise\\StarshipClient\\src\\components\\LoginForm.tsx": {"path":"C:\\Repos\\GoEngineerExercise\\StarshipClient\\src\\components\\LoginForm.tsx","statementMap":{"0":{"start":{"line":5,"column":24},"end":{"line":5,"column":null}},"1":{"start":{"line":6,"column":30},"end":{"line":6,"column":null}},"2":{"start":{"line":7,"column":24},"end":{"line":7,"column":null}},"3":{"start":{"line":8,"column":42},"end":{"line":8,"column":null}},"4":{"start":{"line":9,"column":30},"end":{"line":9,"column":null}},"5":{"start":{"line":11,"column":37},"end":{"line":11,"column":null}},"6":{"start":{"line":13,"column":23},"end":{"line":28,"column":null}},"7":{"start":{"line":14,"column":4},"end":{"line":14,"column":null}},"8":{"start":{"line":15,"column":4},"end":{"line":15,"column":null}},"9":{"start":{"line":17,"column":4},"end":{"line":27,"column":null}},"10":{"start":{"line":18,"column":6},"end":{"line":22,"column":null}},"11":{"start":{"line":19,"column":8},"end":{"line":19,"column":null}},"12":{"start":{"line":21,"column":8},"end":{"line":21,"column":null}},"13":{"start":{"line":24,"column":20},"end":{"line":24,"column":null}},"14":{"start":{"line":25,"column":27},"end":{"line":25,"column":null}},"15":{"start":{"line":26,"column":6},"end":{"line":26,"column":null}},"16":{"start":{"line":30,"column":2},"end":{"line":115,"column":null}},"17":{"start":{"line":54,"column":33},"end":{"line":54,"column":null}},"18":{"start":{"line":70,"column":31},"end":{"line":70,"column":null}},"19":{"start":{"line":85,"column":31},"end":{"line":85,"column":null}},"20":{"start":{"line":106,"column":14},"end":{"line":106,"column":null}},"21":{"start":{"line":107,"column":14},"end":{"line":107,"column":null}}},"fnMap":{"0":{"name":"LoginForm","decl":{"start":{"line":4,"column":24},"end":{"line":4,"column":36}},"loc":{"start":{"line":4,"column":36},"end":{"line":117,"column":null}},"line":4},"1":{"name":"(anonymous_1)","decl":{"start":{"line":13,"column":23},"end":{"line":13,"column":30}},"loc":{"start":{"line":13,"column":47},"end":{"line":28,"column":null}},"line":13},"2":{"name":"(anonymous_2)","decl":{"start":{"line":54,"column":26},"end":{"line":54,"column":27}},"loc":{"start":{"line":54,"column":33},"end":{"line":54,"column":null}},"line":54},"3":{"name":"(anonymous_3)","decl":{"start":{"line":70,"column":24},"end":{"line":70,"column":25}},"loc":{"start":{"line":70,"column":31},"end":{"line":70,"column":null}},"line":70},"4":{"name":"(anonymous_4)","decl":{"start":{"line":85,"column":24},"end":{"line":85,"column":25}},"loc":{"start":{"line":85,"column":31},"end":{"line":85,"column":null}},"line":85},"5":{"name":"(anonymous_5)","decl":{"start":{"line":105,"column":21},"end":{"line":105,"column":27}},"loc":{"start":{"line":105,"column":27},"end":{"line":108,"column":null}},"line":105}},"branchMap":{"0":{"loc":{"start":{"line":18,"column":6},"end":{"line":22,"column":null}},"type":"if","locations":[{"start":{"line":18,"column":6},"end":{"line":22,"column":null}},{"start":{"line":20,"column":13},"end":{"line":22,"column":null}}],"line":18},"1":{"loc":{"start":{"line":25,"column":27},"end":{"line":25,"column":null}},"type":"binary-expr","locations":[{"start":{"line":25,"column":27},"end":{"line":25,"column":44}},{"start":{"line":25,"column":44},"end":{"line":25,"column":null}}],"line":25},"2":{"loc":{"start":{"line":34,"column":11},"end":{"line":34,"column":null}},"type":"cond-expr","locations":[{"start":{"line":34,"column":28},"end":{"line":34,"column":47}},{"start":{"line":34,"column":47},"end":{"line":34,"column":null}}],"line":34},"3":{"loc":{"start":{"line":37,"column":9},"end":{"line":40,"column":null}},"type":"binary-expr","locations":[{"start":{"line":37,"column":9},"end":{"line":37,"column":null}},{"start":{"line":38,"column":10},"end":{"line":40,"column":null}}],"line":37},"4":{"loc":{"start":{"line":44,"column":11},"end":{"line":58,"column":null}},"type":"binary-expr","locations":[{"start":{"line":44,"column":11},"end":{"line":44,"column":null}},{"start":{"line":45,"column":12},"end":{"line":58,"column":null}}],"line":44},"5":{"loc":{"start":{"line":97,"column":13},"end":{"line":97,"column":null}},"type":"cond-expr","locations":[{"start":{"line":97,"column":25},"end":{"line":97,"column":40}},{"start":{"line":97,"column":40},"end":{"line":97,"column":null}}],"line":97},"6":{"loc":{"start":{"line":97,"column":40},"end":{"line":97,"column":null}},"type":"cond-expr","locations":[{"start":{"line":97,"column":57},"end":{"line":97,"column":70}},{"start":{"line":97,"column":70},"end":{"line":97,"column":null}}],"line":97},"7":{"loc":{"start":{"line":111,"column":13},"end":{"line":111,"column":null}},"type":"cond-expr","locations":[{"start":{"line":111,"column":30},"end":{"line":111,"column":67}},{"start":{"line":111,"column":67},"end":{"line":111,"column":null}}],"line":111}},"s":{"0":85,"1":85,"2":85,"3":85,"4":85,"5":85,"6":85,"7":3,"8":3,"9":3,"10":3,"11":1,"12":2,"13":1,"14":1,"15":1,"16":85,"17":8,"18":39,"19":24,"20":2,"21":2},"f":{"0":85,"1":3,"2":8,"3":39,"4":24,"5":2},"b":{"0":[1,2],"1":[1,0],"2":[32,53],"3":[85,1],"4":[85,32],"5":[1,84],"6":[32,52],"7":[32,53]},"meta":{"lastBranch":8,"lastFunction":6,"lastStatement":22,"seen":{"f:4:24:4:36":0,"s:5:24:5:Infinity":0,"s:6:30:6:Infinity":1,"s:7:24:7:Infinity":2,"s:8:42:8:Infinity":3,"s:9:30:9:Infinity":4,"s:11:37:11:Infinity":5,"s:13:23:28:Infinity":6,"f:13:23:13:30":1,"s:14:4:14:Infinity":7,"s:15:4:15:Infinity":8,"s:17:4:27:Infinity":9,"b:18:6:22:Infinity:20:13:22:Infinity":0,"s:18:6:22:Infinity":10,"s:19:8:19:Infinity":11,"s:21:8:21:Infinity":12,"s:24:20:24:Infinity":13,"s:25:27:25:Infinity":14,"b:25:27:25:44:25:44:25:Infinity":1,"s:26:6:26:Infinity":15,"s:30:2:115:Infinity":16,"b:34:28:34:47:34:47:34:Infinity":2,"b:37:9:37:Infinity:38:10:40:Infinity":3,"b:44:11:44:Infinity:45:12:58:Infinity":4,"f:54:26:54:27":2,"s:54:33:54:Infinity":17,"f:70:24:70:25":3,"s:70:31:70:Infinity":18,"f:85:24:85:25":4,"s:85:31:85:Infinity":19,"b:97:25:97:40:97:40:97:Infinity":5,"b:97:57:97:70:97:70:97:Infinity":6,"f:105:21:105:27":5,"s:106:14:106:Infinity":20,"s:107:14:107:Infinity":21,"b:111:30:111:67:111:67:111:Infinity":7}}}
,"C:\\Repos\\GoEngineerExercise\\StarshipClient\\src\\components\\ProtectedRoute.tsx": {"path":"C:\\Repos\\GoEngineerExercise\\StarshipClient\\src\\components\\ProtectedRoute.tsx","statementMap":{"0":{"start":{"line":10,"column":26},"end":{"line":10,"column":null}},"1":{"start":{"line":12,"column":2},"end":{"line":18,"column":null}},"2":{"start":{"line":13,"column":4},"end":{"line":16,"column":null}},"3":{"start":{"line":20,"column":2},"end":{"line":22,"column":null}},"4":{"start":{"line":21,"column":4},"end":{"line":21,"column":null}},"5":{"start":{"line":24,"column":2},"end":{"line":24,"column":null}}},"fnMap":{"0":{"name":"ProtectedRoute","decl":{"start":{"line":9,"column":24},"end":{"line":9,"column":39}},"loc":{"start":{"line":9,"column":74},"end":{"line":25,"column":null}},"line":9}},"branchMap":{"0":{"loc":{"start":{"line":12,"column":2},"end":{"line":18,"column":null}},"type":"if","locations":[{"start":{"line":12,"column":2},"end":{"line":18,"column":null}},{"start":{},"end":{}}],"line":12},"1":{"loc":{"start":{"line":20,"column":2},"end":{"line":22,"column":null}},"type":"if","locations":[{"start":{"line":20,"column":2},"end":{"line":22,"column":null}},{"start":{},"end":{}}],"line":20}},"s":{"0":3,"1":3,"2":1,"3":2,"4":1,"5":1},"f":{"0":3},"b":{"0":[1,2],"1":[1,1]},"meta":{"lastBranch":2,"lastFunction":1,"lastStatement":6,"seen":{"f:9:24:9:39":0,"s:10:26:10:Infinity":0,"b:12:2:18:Infinity:undefined:undefined:undefined:undefined":0,"s:12:2:18:Infinity":1,"s:13:4:16:Infinity":2,"b:20:2:22:Infinity:undefined:undefined:undefined:undefined":1,"s:20:2:22:Infinity":3,"s:21:4:21:Infinity":4,"s:24:2:24:Infinity":5}}}
,"C:\\Repos\\GoEngineerExercise\\StarshipClient\\src\\components\\StarshipManager.tsx": {"path":"C:\\Repos\\GoEngineerExercise\\StarshipClient\\src\\components\\StarshipManager.tsx","statementMap":{"0":{"start":{"line":12,"column":34},"end":{"line":12,"column":null}},"1":{"start":{"line":13,"column":36},"end":{"line":13,"column":null}},"2":{"start":{"line":14,"column":44},"end":{"line":14,"column":null}},"3":{"start":{"line":15,"column":38},"end":{"line":15,"column":null}},"4":{"start":{"line":16,"column":45},"end":{"line":16,"column":null}},"5":{"start":{"line":18,"column":36},"end":{"line":18,"column":null}},"6":{"start":{"line":19,"column":36},"end":{"line":19,"column":null}},"7":{"start":{"line":20,"column":40},"end":{"line":20,"column":null}},"8":{"start":{"line":22,"column":28},"end":{"line":45,"column":null}},"9":{"start":{"line":23,"column":4},"end":{"line":23,"column":null}},"10":{"start":{"line":24,"column":34},"end":{"line":32,"column":null}},"11":{"start":{"line":33,"column":4},"end":{"line":44,"column":null}},"12":{"start":{"line":34,"column":8},"end":{"line":34,"column":null}},"13":{"start":{"line":35,"column":8},"end":{"line":35,"column":null}},"14":{"start":{"line":36,"column":8},"end":{"line":36,"column":null}},"15":{"start":{"line":37,"column":8},"end":{"line":37,"column":null}},"16":{"start":{"line":39,"column":22},"end":{"line":39,"column":null}},"17":{"start":{"line":40,"column":29},"end":{"line":40,"column":null}},"18":{"start":{"line":41,"column":8},"end":{"line":41,"column":null}},"19":{"start":{"line":43,"column":8},"end":{"line":43,"column":null}},"20":{"start":{"line":47,"column":30},"end":{"line":50,"column":null}},"21":{"start":{"line":48,"column":4},"end":{"line":48,"column":null}},"22":{"start":{"line":49,"column":4},"end":{"line":49,"column":null}},"23":{"start":{"line":52,"column":29},"end":{"line":75,"column":null}},"24":{"start":{"line":53,"column":4},"end":{"line":53,"column":null}},"25":{"start":{"line":54,"column":4},"end":{"line":74,"column":null}},"26":{"start":{"line":55,"column":41},"end":{"line":63,"column":null}},"27":{"start":{"line":64,"column":8},"end":{"line":64,"column":null}},"28":{"start":{"line":65,"column":8},"end":{"line":65,"column":null}},"29":{"start":{"line":66,"column":8},"end":{"line":66,"column":null}},"30":{"start":{"line":67,"column":8},"end":{"line":67,"column":null}},"31":{"start":{"line":69,"column":22},"end":{"line":69,"column":null}},"32":{"start":{"line":70,"column":29},"end":{"line":70,"column":null}},"33":{"start":{"line":71,"column":8},"end":{"line":71,"column":null}},"34":{"start":{"line":73,"column":8},"end":{"line":73,"column":null}},"35":{"start":{"line":77,"column":31},"end":{"line":89,"column":null}},"36":{"start":{"line":78,"column":4},"end":{"line":78,"column":null}},"37":{"start":{"line":79,"column":4},"end":{"line":88,"column":null}},"38":{"start":{"line":80,"column":8},"end":{"line":80,"column":null}},"39":{"start":{"line":81,"column":8},"end":{"line":81,"column":null}},"40":{"start":{"line":83,"column":22},"end":{"line":83,"column":null}},"41":{"start":{"line":84,"column":29},"end":{"line":84,"column":null}},"42":{"start":{"line":85,"column":8},"end":{"line":85,"column":null}},"43":{"start":{"line":87,"column":8},"end":{"line":87,"column":null}},"44":{"start":{"line":91,"column":28},"end":{"line":91,"column":null}},"45":{"start":{"line":93,"column":27},"end":{"line":96,"column":null}},"46":{"start":{"line":94,"column":4},"end":{"line":94,"column":null}},"47":{"start":{"line":95,"column":4},"end":{"line":95,"column":null}},"48":{"start":{"line":98,"column":25},"end":{"line":122,"column":null}},"49":{"start":{"line":99,"column":4},"end":{"line":102,"column":null}},"50":{"start":{"line":100,"column":8},"end":{"line":100,"column":null}},"51":{"start":{"line":101,"column":8},"end":{"line":101,"column":null}},"52":{"start":{"line":104,"column":4},"end":{"line":104,"column":null}},"53":{"start":{"line":105,"column":4},"end":{"line":121,"column":null}},"54":{"start":{"line":106,"column":24},"end":{"line":106,"column":null}},"55":{"start":{"line":107,"column":8},"end":{"line":107,"column":null}},"56":{"start":{"line":109,"column":8},"end":{"line":114,"column":null}},"57":{"start":{"line":110,"column":12},"end":{"line":113,"column":null}},"58":{"start":{"line":116,"column":22},"end":{"line":116,"column":null}},"59":{"start":{"line":117,"column":29},"end":{"line":117,"column":null}},"60":{"start":{"line":118,"column":8},"end":{"line":118,"column":null}},"61":{"start":{"line":120,"column":8},"end":{"line":120,"column":null}},"62":{"start":{"line":124,"column":28},"end":{"line":127,"column":null}},"63":{"start":{"line":125,"column":4},"end":{"line":125,"column":null}},"64":{"start":{"line":126,"column":4},"end":{"line":126,"column":null}},"65":{"start":{"line":129,"column":2},"end":{"line":214,"column":null}},"66":{"start":{"line":156,"column":45},"end":{"line":156,"column":null}},"67":{"start":{"line":157,"column":46},"end":{"line":157,"column":null}},"68":{"start":{"line":193,"column":29},"end":{"line":193,"column":null}}},"fnMap":{"0":{"name":"StarshipManager","decl":{"start":{"line":11,"column":24},"end":{"line":11,"column":42}},"loc":{"start":{"line":11,"column":42},"end":{"line":216,"column":null}},"line":11},"1":{"name":"(anonymous_1)","decl":{"start":{"line":22,"column":28},"end":{"line":22,"column":35}},"loc":{"start":{"line":22,"column":122},"end":{"line":45,"column":null}},"line":22},"2":{"name":"(anonymous_2)","decl":{"start":{"line":47,"column":30},"end":{"line":47,"column":31}},"loc":{"start":{"line":47,"column":54},"end":{"line":50,"column":null}},"line":47},"3":{"name":"(anonymous_3)","decl":{"start":{"line":52,"column":29},"end":{"line":52,"column":36}},"loc":{"start":{"line":52,"column":123},"end":{"line":75,"column":null}},"line":52},"4":{"name":"(anonymous_4)","decl":{"start":{"line":77,"column":31},"end":{"line":77,"column":38}},"loc":{"start":{"line":77,"column":61},"end":{"line":89,"column":null}},"line":77},"5":{"name":"(anonymous_5)","decl":{"start":{"line":93,"column":27},"end":{"line":93,"column":33}},"loc":{"start":{"line":93,"column":33},"end":{"line":96,"column":null}},"line":93},"6":{"name":"(anonymous_6)","decl":{"start":{"line":98,"column":25},"end":{"line":98,"column":37}},"loc":{"start":{"line":98,"column":37},"end":{"line":122,"column":null}},"line":98},"7":{"name":"(anonymous_7)","decl":{"start":{"line":124,"column":28},"end":{"line":124,"column":34}},"loc":{"start":{"line":124,"column":34},"end":{"line":127,"column":null}},"line":124},"8":{"name":"(anonymous_8)","decl":{"start":{"line":156,"column":38},"end":{"line":156,"column":39}},"loc":{"start":{"line":156,"column":45},"end":{"line":156,"column":null}},"line":156},"9":{"name":"(anonymous_9)","decl":{"start":{"line":157,"column":39},"end":{"line":157,"column":40}},"loc":{"start":{"line":157,"column":46},"end":{"line":157,"column":null}},"line":157},"10":{"name":"(anonymous_10)","decl":{"start":{"line":193,"column":23},"end":{"line":193,"column":29}},"loc":{"start":{"line":193,"column":29},"end":{"line":193,"column":null}},"line":193}},"branchMap":{"0":{"loc":{"start":{"line":16,"column":62},"end":{"line":16,"column":82}},"type":"binary-expr","locations":[{"start":{"line":16,"column":62},"end":{"line":16,"column":76}},{"start":{"line":16,"column":76},"end":{"line":16,"column":82}}],"line":16},"1":{"loc":{"start":{"line":40,"column":29},"end":{"line":40,"column":null}},"type":"binary-expr","locations":[{"start":{"line":40,"column":29},"end":{"line":40,"column":46}},{"start":{"line":40,"column":46},"end":{"line":40,"column":null}}],"line":40},"2":{"loc":{"start":{"line":70,"column":29},"end":{"line":70,"column":null}},"type":"binary-expr","locations":[{"start":{"line":70,"column":29},"end":{"line":70,"column":46}},{"start":{"line":70,"column":46},"end":{"line":70,"column":null}}],"line":70},"3":{"loc":{"start":{"line":84,"column":29},"end":{"line":84,"column":null}},"type":"binary-expr","locations":[{"start":{"line":84,"column":29},"end":{"line":84,"column":46}},{"start":{"line":84,"column":46},"end":{"line":84,"column":null}}],"line":84},"4":{"loc":{"start":{"line":91,"column":28},"end":{"line":91,"column":null}},"type":"cond-expr","locations":[{"start":{"line":91,"column":46},"end":{"line":91,"column":67}},{"start":{"line":91,"column":67},"end":{"line":91,"column":null}}],"line":91},"5":{"loc":{"start":{"line":99,"column":4},"end":{"line":102,"column":null}},"type":"if","locations":[{"start":{"line":99,"column":4},"end":{"line":102,"column":null}},{"start":{},"end":{}}],"line":99},"6":{"loc":{"start":{"line":109,"column":8},"end":{"line":114,"column":null}},"type":"if","locations":[{"start":{"line":109,"column":8},"end":{"line":114,"column":null}},{"start":{},"end":{}}],"line":109},"7":{"loc":{"start":{"line":117,"column":29},"end":{"line":117,"column":null}},"type":"binary-expr","locations":[{"start":{"line":117,"column":29},"end":{"line":117,"column":46}},{"start":{"line":117,"column":46},"end":{"line":117,"column":null}}],"line":117},"8":{"loc":{"start":{"line":134,"column":11},"end":{"line":143,"column":null}},"type":"binary-expr","locations":[{"start":{"line":134,"column":11},"end":{"line":134,"column":null}},{"start":{"line":135,"column":12},"end":{"line":143,"column":null}}],"line":134},"9":{"loc":{"start":{"line":157,"column":46},"end":{"line":157,"column":null}},"type":"binary-expr","locations":[{"start":{"line":157,"column":46},"end":{"line":157,"column":67}},{"start":{"line":157,"column":67},"end":{"line":157,"column":null}}],"line":157},"10":{"loc":{"start":{"line":164,"column":34},"end":{"line":164,"column":null}},"type":"binary-expr","locations":[{"start":{"line":164,"column":34},"end":{"line":164,"column":49}},{"start":{"line":164,"column":49},"end":{"line":164,"column":null}}],"line":164},"11":{"loc":{"start":{"line":167,"column":25},"end":{"line":167,"column":null}},"type":"cond-expr","locations":[{"start":{"line":167,"column":39},"end":{"line":167,"column":59}},{"start":{"line":167,"column":59},"end":{"line":167,"column":null}}],"line":167},"12":{"loc":{"start":{"line":169,"column":21},"end":{"line":175,"column":null}},"type":"binary-expr","locations":[{"start":{"line":169,"column":21},"end":{"line":169,"column":null}},{"start":{"line":170,"column":24},"end":{"line":175,"column":null}}],"line":169},"13":{"loc":{"start":{"line":179,"column":13},"end":{"line":187,"column":null}},"type":"binary-expr","locations":[{"start":{"line":179,"column":13},"end":{"line":179,"column":null}},{"start":{"line":180,"column":14},"end":{"line":187,"column":null}}],"line":179},"14":{"loc":{"start":{"line":199,"column":25},"end":{"line":199,"column":null}},"type":"binary-expr","locations":[{"start":{"line":199,"column":25},"end":{"line":199,"column":42}},{"start":{"line":199,"column":42},"end":{"line":199,"column":null}}],"line":199}},"s":{"0":70,"1":70,"2":70,"3":70,"4":70,"5":70,"6":70,"7":70,"8":70,"9":2,"10":2,"11":2,"12":2,"13":1,"14":1,"15":1,"16":1,"17":1,"18":1,"19":2,"20":70,"21":2,"22":2,"23":70,"24":2,"25":2,"26":2,"27":2,"28":1,"29":1,"30":1,"31":1,"32":1,"33":1,"34":2,"35":70,"36":2,"37":2,"38":2,"39":1,"40":1,"41":1,"42":1,"43":2,"44":70,"45":70,"46":5,"47":5,"48":70,"49":4,"50":1,"51":1,"52":3,"53":3,"54":3,"55":2,"56":2,"57":0,"58":1,"59":1,"60":1,"61":3,"62":70,"63":1,"64":1,"65":70,"66":30,"67":31,"68":4},"f":{"0":70,"1":2,"2":2,"3":2,"4":2,"5":5,"6":4,"7":1,"8":30,"9":31,"10":4},"b":{"0":[70,70],"1":[1,0],"2":[1,0],"3":[1,0],"4":[2,68],"5":[1,3],"6":[0,2],"7":[1,0],"8":[70,70],"9":[31,1],"10":[70,67],"11":[3,67],"12":[70,1],"13":[70,6],"14":[70,69]},"meta":{"lastBranch":15,"lastFunction":11,"lastStatement":69,"seen":{"f:11:24:11:42":0,"s:12:34:12:Infinity":0,"s:13:36:13:Infinity":1,"s:14:44:14:Infinity":2,"s:15:38:15:Infinity":3,"s:16:45:16:Infinity":4,"b:16:62:16:76:16:76:16:82":0,"s:18:36:18:Infinity":5,"s:19:36:19:Infinity":6,"s:20:40:20:Infinity":7,"s:22:28:45:Infinity":8,"f:22:28:22:35":1,"s:23:4:23:Infinity":9,"s:24:34:32:Infinity":10,"s:33:4:44:Infinity":11,"s:34:8:34:Infinity":12,"s:35:8:35:Infinity":13,"s:36:8:36:Infinity":14,"s:37:8:37:Infinity":15,"s:39:22:39:Infinity":16,"s:40:29:40:Infinity":17,"b:40:29:40:46:40:46:40:Infinity":1,"s:41:8:41:Infinity":18,"s:43:8:43:Infinity":19,"s:47:30:50:Infinity":20,"f:47:30:47:31":2,"s:48:4:48:Infinity":21,"s:49:4:49:Infinity":22,"s:52:29:75:Infinity":23,"f:52:29:52:36":3,"s:53:4:53:Infinity":24,"s:54:4:74:Infinity":25,"s:55:41:63:Infinity":26,"s:64:8:64:Infinity":27,"s:65:8:65:Infinity":28,"s:66:8:66:Infinity":29,"s:67:8:67:Infinity":30,"s:69:22:69:Infinity":31,"s:70:29:70:Infinity":32,"b:70:29:70:46:70:46:70:Infinity":2,"s:71:8:71:Infinity":33,"s:73:8:73:Infinity":34,"s:77:31:89:Infinity":35,"f:77:31:77:38":4,"s:78:4:78:Infinity":36,"s:79:4:88:Infinity":37,"s:80:8:80:Infinity":38,"s:81:8:81:Infinity":39,"s:83:22:83:Infinity":40,"s:84:29:84:Infinity":41,"b:84:29:84:46:84:46:84:Infinity":3,"s:85:8:85:Infinity":42,"s:87:8:87:Infinity":43,"s:91:28:91:Infinity":44,"b:91:46:91:67:91:67:91:Infinity":4,"s:93:27:96:Infinity":45,"f:93:27:93:33":5,"s:94:4:94:Infinity":46,"s:95:4:95:Infinity":47,"s:98:25:122:Infinity":48,"f:98:25:98:37":6,"b:99:4:102:Infinity:undefined:undefined:undefined:undefined":5,"s:99:4:102:Infinity":49,"s:100:8:100:Infinity":50,"s:101:8:101:Infinity":51,"s:104:4:104:Infinity":52,"s:105:4:121:Infinity":53,"s:106:24:106:Infinity":54,"s:107:8:107:Infinity":55,"b:109:8:114:Infinity:undefined:undefined:undefined:undefined":6,"s:109:8:114:Infinity":56,"s:110:12:113:Infinity":57,"s:116:22:116:Infinity":58,"s:117:29:117:Infinity":59,"b:117:29:117:46:117:46:117:Infinity":7,"s:118:8:118:Infinity":60,"s:120:8:120:Infinity":61,"s:124:28:127:Infinity":62,"f:124:28:124:34":7,"s:125:4:125:Infinity":63,"s:126:4:126:Infinity":64,"s:129:2:214:Infinity":65,"b:134:11:134:Infinity:135:12:143:Infinity":8,"f:156:38:156:39":8,"s:156:45:156:Infinity":66,"f:157:39:157:40":9,"s:157:46:157:Infinity":67,"b:157:46:157:67:157:67:157:Infinity":9,"b:164:34:164:49:164:49:164:Infinity":10,"b:167:39:167:59:167:59:167:Infinity":11,"b:169:21:169:Infinity:170:24:175:Infinity":12,"b:179:13:179:Infinity:180:14:187:Infinity":13,"f:193:23:193:29":10,"s:193:29:193:Infinity":68,"b:199:25:199:42:199:42:199:Infinity":14}}}
,"C:\\Repos\\GoEngineerExercise\\StarshipClient\\src\\components\\StarshipModal.tsx": {"path":"C:\\Repos\\GoEngineerExercise\\StarshipClient\\src\\components\\StarshipModal.tsx","statementMap":{"0":{"start":{"line":6,"column":19},"end":{"line":6,"column":null}},"1":{"start":{"line":7,"column":32},"end":{"line":21,"column":null}},"2":{"start":{"line":23,"column":4},"end":{"line":57,"column":null}},"3":{"start":{"line":24,"column":8},"end":{"line":56,"column":null}},"4":{"start":{"line":25,"column":12},"end":{"line":39,"column":null}},"5":{"start":{"line":41,"column":12},"end":{"line":55,"column":null}},"6":{"start":{"line":60,"column":19},"end":{"line":74,"column":null}},"7":{"start":{"line":76,"column":25},"end":{"line":80,"column":null}},"8":{"start":{"line":77,"column":8},"end":{"line":77,"column":null}},"9":{"start":{"line":78,"column":8},"end":{"line":78,"column":null}},"10":{"start":{"line":79,"column":8},"end":{"line":79,"column":null}},"11":{"start":{"line":82,"column":4},"end":{"line":126,"column":null}},"12":{"start":{"line":91,"column":32},"end":{"line":101,"column":null}},"13":{"start":{"line":97,"column":57},"end":{"line":97,"column":null}}},"fnMap":{"0":{"name":"StarshipModal","decl":{"start":{"line":5,"column":24},"end":{"line":5,"column":38}},"loc":{"start":{"line":5,"column":124},"end":{"line":128,"column":null}},"line":5},"1":{"name":"(anonymous_1)","decl":{"start":{"line":23,"column":14},"end":{"line":23,"column":20}},"loc":{"start":{"line":23,"column":20},"end":{"line":57,"column":7}},"line":23},"2":{"name":"(anonymous_2)","decl":{"start":{"line":76,"column":25},"end":{"line":76,"column":26}},"loc":{"start":{"line":76,"column":51},"end":{"line":80,"column":null}},"line":76},"3":{"name":"(anonymous_3)","decl":{"start":{"line":90,"column":40},"end":{"line":90,"column":41}},"loc":{"start":{"line":91,"column":32},"end":{"line":101,"column":null}},"line":91},"4":{"name":"(anonymous_4)","decl":{"start":{"line":97,"column":50},"end":{"line":97,"column":51}},"loc":{"start":{"line":97,"column":57},"end":{"line":97,"column":null}},"line":97}},"branchMap":{"0":{"loc":{"start":{"line":5,"column":77},"end":{"line":5,"column":98}},"type":"default-arg","locations":[{"start":{"line":5,"column":92},"end":{"line":5,"column":98}}],"line":5},"1":{"loc":{"start":{"line":24,"column":8},"end":{"line":56,"column":null}},"type":"if","locations":[{"start":{"line":24,"column":8},"end":{"line":56,"column":null}},{"start":{"line":40,"column":15},"end":{"line":56,"column":null}}],"line":24},"2":{"loc":{"start":{"line":86,"column":71},"end":{"line":86,"column":117}},"type":"cond-expr","locations":[{"start":{"line":86,"column":80},"end":{"line":86,"column":98}},{"start":{"line":86,"column":98},"end":{"line":86,"column":117}}],"line":86},"3":{"loc":{"start":{"line":92,"column":97},"end":{"line":92,"column":113}},"type":"binary-expr","locations":[{"start":{"line":92,"column":97},"end":{"line":92,"column":109}},{"start":{"line":92,"column":109},"end":{"line":92,"column":113}}],"line":92},"4":{"loc":{"start":{"line":117,"column":33},"end":{"line":118,"column":null}},"type":"binary-expr","locations":[{"start":{"line":117,"column":33},"end":{"line":117,"column":null}},{"start":{"line":118,"column":36},"end":{"line":118,"column":null}}],"line":117},"5":{"loc":{"start":{"line":120,"column":33},"end":{"line":120,"column":null}},"type":"cond-expr","locations":[{"start":{"line":120,"column":42},"end":{"line":120,"column":60}},{"start":{"line":120,"column":60},"end":{"line":120,"column":null}}],"line":120}},"s":{"0":207,"1":207,"2":207,"3":25,"4":2,"5":23,"6":207,"7":207,"8":4,"9":4,"10":4,"11":207,"12":2691,"13":112},"f":{"0":207,"1":25,"2":4,"3":2691,"4":112},"b":{"0":[207],"1":[2,23],"2":[44,163],"3":[2691,621],"4":[207,10],"5":[44,163]},"meta":{"lastBranch":6,"lastFunction":5,"lastStatement":14,"seen":{"f:5:24:5:38":0,"b:5:92:5:98":0,"s:6:19:6:Infinity":0,"s:7:32:21:Infinity":1,"s:23:4:57:Infinity":2,"f:23:14:23:20":1,"b:24:8:56:Infinity:40:15:56:Infinity":1,"s:24:8:56:Infinity":3,"s:25:12:39:Infinity":4,"s:41:12:55:Infinity":5,"s:60:19:74:Infinity":6,"s:76:25:80:Infinity":7,"f:76:25:76:26":2,"s:77:8:77:Infinity":8,"s:78:8:78:Infinity":9,"s:79:8:79:Infinity":10,"s:82:4:126:Infinity":11,"b:86:80:86:98:86:98:86:117":2,"f:90:40:90:41":3,"s:91:32:101:Infinity":12,"b:92:97:92:109:92:109:92:113":3,"f:97:50:97:51":4,"s:97:57:97:Infinity":13,"b:117:33:117:Infinity:118:36:118:Infinity":4,"b:120:42:120:60:120:60:120:Infinity":5}}}
,"C:\\Repos\\GoEngineerExercise\\StarshipClient\\src\\components\\StarshipTable.tsx": {"path":"C:\\Repos\\GoEngineerExercise\\StarshipClient\\src\\components\\StarshipTable.tsx","statementMap":{"0":{"start":{"line":8,"column":42},"end":{"line":11,"column":null}},"1":{"start":{"line":13,"column":29},"end":{"line":15,"column":null}},"2":{"start":{"line":14,"column":8},"end":{"line":14,"column":null}},"3":{"start":{"line":17,"column":32},"end":{"line":22,"column":null}},"4":{"start":{"line":18,"column":8},"end":{"line":20,"column":null}},"5":{"start":{"line":19,"column":12},"end":{"line":19,"column":null}},"6":{"start":{"line":21,"column":8},"end":{"line":21,"column":null}},"7":{"start":{"line":24,"column":31},"end":{"line":26,"column":null}},"8":{"start":{"line":25,"column":8},"end":{"line":25,"column":null}},"9":{"start":{"line":28,"column":4},"end":{"line":91,"column":null}},"10":{"start":{"line":53,"column":28},"end":{"line":75,"column":null}},"11":{"start":{"line":62,"column":59},"end":{"line":62,"column":null}},"12":{"start":{"line":69,"column":59},"end":{"line":69,"column":null}}},"fnMap":{"0":{"name":"StarshipTable","decl":{"start":{"line":6,"column":24},"end":{"line":6,"column":38}},"loc":{"start":{"line":6,"column":105},"end":{"line":93,"column":null}},"line":6},"1":{"name":"(anonymous_1)","decl":{"start":{"line":13,"column":29},"end":{"line":13,"column":30}},"loc":{"start":{"line":13,"column":52},"end":{"line":15,"column":null}},"line":13},"2":{"name":"(anonymous_2)","decl":{"start":{"line":17,"column":32},"end":{"line":17,"column":38}},"loc":{"start":{"line":17,"column":38},"end":{"line":22,"column":null}},"line":17},"3":{"name":"(anonymous_3)","decl":{"start":{"line":24,"column":31},"end":{"line":24,"column":37}},"loc":{"start":{"line":24,"column":37},"end":{"line":26,"column":null}},"line":24},"4":{"name":"(anonymous_4)","decl":{"start":{"line":52,"column":39},"end":{"line":52,"column":40}},"loc":{"start":{"line":53,"column":28},"end":{"line":75,"column":null}},"line":53},"5":{"name":"(anonymous_5)","decl":{"start":{"line":62,"column":53},"end":{"line":62,"column":59}},"loc":{"start":{"line":62,"column":59},"end":{"line":62,"column":null}},"line":62},"6":{"name":"(anonymous_6)","decl":{"start":{"line":69,"column":53},"end":{"line":69,"column":59}},"loc":{"start":{"line":69,"column":59},"end":{"line":69,"column":null}},"line":69}},"branchMap":{"0":{"loc":{"start":{"line":18,"column":8},"end":{"line":20,"column":null}},"type":"if","locations":[{"start":{"line":18,"column":8},"end":{"line":20,"column":null}},{"start":{},"end":{}}],"line":18},"1":{"loc":{"start":{"line":42,"column":25},"end":{"line":45,"column":null}},"type":"binary-expr","locations":[{"start":{"line":42,"column":25},"end":{"line":42,"column":null}},{"start":{"line":43,"column":28},"end":{"line":45,"column":null}}],"line":42},"2":{"loc":{"start":{"line":47,"column":25},"end":{"line":50,"column":null}},"type":"binary-expr","locations":[{"start":{"line":47,"column":25},"end":{"line":47,"column":null}},{"start":{"line":48,"column":28},"end":{"line":50,"column":null}}],"line":47}},"s":{"0":84,"1":84,"2":3,"3":84,"4":3,"5":3,"6":3,"7":84,"8":0,"9":84,"10":88,"11":3,"12":3},"f":{"0":84,"1":3,"2":3,"3":0,"4":88,"5":3,"6":3},"b":{"0":[3,0],"1":[84,2],"2":[84,1]},"meta":{"lastBranch":3,"lastFunction":7,"lastStatement":13,"seen":{"f:6:24:6:38":0,"s:8:42:11:Infinity":0,"s:13:29:15:Infinity":1,"f:13:29:13:30":1,"s:14:8:14:Infinity":2,"s:17:32:22:Infinity":3,"f:17:32:17:38":2,"b:18:8:20:Infinity:undefined:undefined:undefined:undefined":0,"s:18:8:20:Infinity":4,"s:19:12:19:Infinity":5,"s:21:8:21:Infinity":6,"s:24:31:26:Infinity":7,"f:24:31:24:37":3,"s:25:8:25:Infinity":8,"s:28:4:91:Infinity":9,"b:42:25:42:Infinity:43:28:45:Infinity":1,"b:47:25:47:Infinity:48:28:50:Infinity":2,"f:52:39:52:40":4,"s:53:28:75:Infinity":10,"f:62:53:62:59":5,"s:62:59:62:Infinity":11,"f:69:53:69:59":6,"s:69:59:69:Infinity":12}}}
,"C:\\Repos\\GoEngineerExercise\\StarshipClient\\src\\hooks\\useStarships.ts": {"path":"C:\\Repos\\GoEngineerExercise\\StarshipClient\\src\\hooks\\useStarships.ts","statementMap":{"0":{"start":{"line":6,"column":34},"end":{"line":6,"column":null}},"1":{"start":{"line":7,"column":30},"end":{"line":7,"column":null}},"2":{"start":{"line":8,"column":26},"end":{"line":8,"column":null}},"3":{"start":{"line":10,"column":10},"end":{"line":23,"column":null}},"4":{"start":{"line":11,"column":8},"end":{"line":11,"column":null}},"5":{"start":{"line":11,"column":22},"end":{"line":11,"column":null}},"6":{"start":{"line":13,"column":8},"end":{"line":13,"column":null}},"7":{"start":{"line":15,"column":8},"end":{"line":22,"column":null}},"8":{"start":{"line":16,"column":29},"end":{"line":16,"column":null}},"9":{"start":{"line":17,"column":12},"end":{"line":17,"column":null}},"10":{"start":{"line":19,"column":12},"end":{"line":19,"column":null}},"11":{"start":{"line":21,"column":12},"end":{"line":21,"column":null}},"12":{"start":{"line":25,"column":4},"end":{"line":27,"column":null}},"13":{"start":{"line":26,"column":8},"end":{"line":26,"column":null}},"14":{"start":{"line":29,"column":4},"end":{"line":29,"column":null}}},"fnMap":{"0":{"name":"useStarships","decl":{"start":{"line":5,"column":16},"end":{"line":5,"column":29}},"loc":{"start":{"line":5,"column":54},"end":{"line":30,"column":null}},"line":5},"1":{"name":"(anonymous_1)","decl":{"start":{"line":10,"column":38},"end":{"line":10,"column":50}},"loc":{"start":{"line":10,"column":50},"end":{"line":23,"column":7}},"line":10},"2":{"name":"(anonymous_2)","decl":{"start":{"line":25,"column":14},"end":{"line":25,"column":20}},"loc":{"start":{"line":25,"column":20},"end":{"line":27,"column":7}},"line":25}},"branchMap":{"0":{"loc":{"start":{"line":5,"column":29},"end":{"line":5,"column":54}},"type":"default-arg","locations":[{"start":{"line":5,"column":48},"end":{"line":5,"column":54}}],"line":5},"1":{"loc":{"start":{"line":11,"column":8},"end":{"line":11,"column":null}},"type":"if","locations":[{"start":{"line":11,"column":8},"end":{"line":11,"column":null}},{"start":{},"end":{}}],"line":11}},"s":{"0":7,"1":7,"2":7,"3":7,"4":3,"5":1,"6":2,"7":2,"8":2,"9":1,"10":1,"11":2,"12":7,"13":3,"14":7},"f":{"0":7,"1":3,"2":3},"b":{"0":[7],"1":[1,2]},"meta":{"lastBranch":2,"lastFunction":3,"lastStatement":15,"seen":{"f:5:16:5:29":0,"b:5:48:5:54":0,"s:6:34:6:Infinity":0,"s:7:30:7:Infinity":1,"s:8:26:8:Infinity":2,"s:10:10:23:Infinity":3,"f:10:38:10:50":1,"b:11:8:11:Infinity:undefined:undefined:undefined:undefined":1,"s:11:8:11:Infinity":4,"s:11:22:11:Infinity":5,"s:13:8:13:Infinity":6,"s:15:8:22:Infinity":7,"s:16:29:16:Infinity":8,"s:17:12:17:Infinity":9,"s:19:12:19:Infinity":10,"s:21:12:21:Infinity":11,"s:25:4:27:Infinity":12,"f:25:14:25:20":2,"s:26:8:26:Infinity":13,"s:29:4:29:Infinity":14}}}
,"C:\\Repos\\GoEngineerExercise\\StarshipClient\\src\\models\\Starship.ts": {"path":"C:\\Repos\\GoEngineerExercise\\StarshipClient\\src\\models\\Starship.ts","statementMap":{},"fnMap":{},"branchMap":{},"s":{},"f":{},"b":{},"meta":{"lastBranch":0,"lastFunction":0,"lastStatement":0,"seen":{}}}
}
